#
# There is insufficient memory for the Java Runtime Environment to continue.
# Native memory allocation (malloc) failed to allocate 32744 bytes for ChunkPool::allocate
# Possible reasons:
#   The system is out of physical RAM or swap space
#   In 32 bit mode, the process size limit was hit
# Possible solutions:
#   Reduce memory load on the system
#   Increase physical memory or swap space
#   Check if swap backing store is full
#   Use 64 bit Java on a 64 bit OS
#   Decrease Java heap size (-Xmx/-Xms)
#   Decrease number of Java threads
#   Decrease Java thread stack sizes (-Xss)
#   Set larger code cache with -XX:ReservedCodeCacheSize=
# This output file may be truncated or incomplete.
#
#  Out of Memory Error (allocation.cpp:273), pid=23144, tid=0x0000000000003ad4
#
# JRE version: Java(TM) SE Runtime Environment (8.0_162-b12) (build 1.8.0_162-b12)
# Java VM: Java HotSpot(TM) 64-Bit Server VM (25.162-b12 mixed mode windows-amd64 compressed oops)
# Failed to write core dump. Minidumps are not enabled by default on client versions of Windows
#

---------------  T H R E A D  ---------------

Current thread (0x0000000005343000):  JavaThread "main" [_thread_in_vm, id=15060, stack(0x0000000005240000,0x0000000005340000)]

Stack: [0x0000000005240000,0x0000000005340000]
[error occurred during error reporting (printing stack bounds), id 0xc0000005]

Native frames: (J=compiled Java code, j=interpreted, Vv=VM code, C=native code)

Java frames: (J=compiled Java code, j=interpreted, Vv=VM code)
j  java.lang.ClassLoader.defineClass1(Ljava/lang/String;[BIILjava/security/ProtectionDomain;Ljava/lang/String;)Ljava/lang/Class;+0
j  java.lang.ClassLoader.defineClass(Ljava/lang/String;[BIILjava/security/ProtectionDomain;)Ljava/lang/Class;+27
j  java.security.SecureClassLoader.defineClass(Ljava/lang/String;[BIILjava/security/CodeSource;)Ljava/lang/Class;+12
j  java.net.URLClassLoader.defineClass(Ljava/lang/String;Lsun/misc/Resource;)Ljava/lang/Class;+138
j  java.net.URLClassLoader.access$100(Ljava/net/URLClassLoader;Ljava/lang/String;Lsun/misc/Resource;)Ljava/lang/Class;+3
j  java.net.URLClassLoader$1.run()Ljava/lang/Class;+43
j  java.net.URLClassLoader$1.run()Ljava/lang/Object;+1
v  ~StubRoutines::call_stub
J 615  java.security.AccessController.doPrivileged(Ljava/security/PrivilegedExceptionAction;Ljava/security/AccessControlContext;)Ljava/lang/Object; (0 bytes) @ 0x000000000575fc26 [0x000000000575fbc0+0x66]
j  java.net.URLClassLoader.findClass(Ljava/lang/String;)Ljava/lang/Class;+13
J 578 C1 java.lang.ClassLoader.loadClass(Ljava/lang/String;Z)Ljava/lang/Class; (122 bytes) @ 0x000000000574af64 [0x000000000574ac60+0x304]
J 668 C1 sun.misc.Launcher$AppClassLoader.loadClass(Ljava/lang/String;Z)Ljava/lang/Class; (85 bytes) @ 0x000000000577ab44 [0x000000000577a860+0x2e4]
J 667 C1 java.lang.ClassLoader.loadClass(Ljava/lang/String;)Ljava/lang/Class; (7 bytes) @ 0x000000000577a524 [0x000000000577a4e0+0x44]
v  ~StubRoutines::call_stub
j  java.lang.ClassLoader.defineClass1(Ljava/lang/String;[BIILjava/security/ProtectionDomain;Ljava/lang/String;)Ljava/lang/Class;+0
j  java.lang.ClassLoader.defineClass(Ljava/lang/String;[BIILjava/security/ProtectionDomain;)Ljava/lang/Class;+27
j  java.security.SecureClassLoader.defineClass(Ljava/lang/String;[BIILjava/security/CodeSource;)Ljava/lang/Class;+12
j  java.net.URLClassLoader.defineClass(Ljava/lang/String;Lsun/misc/Resource;)Ljava/lang/Class;+138
j  java.net.URLClassLoader.access$100(Ljava/net/URLClassLoader;Ljava/lang/String;Lsun/misc/Resource;)Ljava/lang/Class;+3
j  java.net.URLClassLoader$1.run()Ljava/lang/Class;+43
j  java.net.URLClassLoader$1.run()Ljava/lang/Object;+1
v  ~StubRoutines::call_stub
J 615  java.security.AccessController.doPrivileged(Ljava/security/PrivilegedExceptionAction;Ljava/security/AccessControlContext;)Ljava/lang/Object; (0 bytes) @ 0x000000000575fc26 [0x000000000575fbc0+0x66]
j  java.net.URLClassLoader.findClass(Ljava/lang/String;)Ljava/lang/Class;+13
J 578 C1 java.lang.ClassLoader.loadClass(Ljava/lang/String;Z)Ljava/lang/Class; (122 bytes) @ 0x000000000574af64 [0x000000000574ac60+0x304]
J 668 C1 sun.misc.Launcher$AppClassLoader.loadClass(Ljava/lang/String;Z)Ljava/lang/Class; (85 bytes) @ 0x000000000577ab44 [0x000000000577a860+0x2e4]
J 667 C1 java.lang.ClassLoader.loadClass(Ljava/lang/String;)Ljava/lang/Class; (7 bytes) @ 0x000000000577a524 [0x000000000577a4e0+0x44]
v  ~StubRoutines::call_stub
j  java.lang.ClassLoader.defineClass1(Ljava/lang/String;[BIILjava/security/ProtectionDomain;Ljava/lang/String;)Ljava/lang/Class;+0
j  java.lang.ClassLoader.defineClass(Ljava/lang/String;[BIILjava/security/ProtectionDomain;)Ljava/lang/Class;+27
j  java.security.SecureClassLoader.defineClass(Ljava/lang/String;[BIILjava/security/CodeSource;)Ljava/lang/Class;+12
j  java.net.URLClassLoader.defineClass(Ljava/lang/String;Lsun/misc/Resource;)Ljava/lang/Class;+138
j  java.net.URLClassLoader.access$100(Ljava/net/URLClassLoader;Ljava/lang/String;Lsun/misc/Resource;)Ljava/lang/Class;+3
j  java.net.URLClassLoader$1.run()Ljava/lang/Class;+43
j  java.net.URLClassLoader$1.run()Ljava/lang/Object;+1
v  ~StubRoutines::call_stub
J 615  java.security.AccessController.doPrivileged(Ljava/security/PrivilegedExceptionAction;Ljava/security/AccessControlContext;)Ljava/lang/Object; (0 bytes) @ 0x000000000575fc26 [0x000000000575fbc0+0x66]
j  java.net.URLClassLoader.findClass(Ljava/lang/String;)Ljava/lang/Class;+13
J 578 C1 java.lang.ClassLoader.loadClass(Ljava/lang/String;Z)Ljava/lang/Class; (122 bytes) @ 0x000000000574af64 [0x000000000574ac60+0x304]
J 668 C1 sun.misc.Launcher$AppClassLoader.loadClass(Ljava/lang/String;Z)Ljava/lang/Class; (85 bytes) @ 0x000000000577ab44 [0x000000000577a860+0x2e4]
J 667 C1 java.lang.ClassLoader.loadClass(Ljava/lang/String;)Ljava/lang/Class; (7 bytes) @ 0x000000000577a524 [0x000000000577a4e0+0x44]
v  ~StubRoutines::call_stub
j  java.lang.Class.forName0(Ljava/lang/String;ZLjava/lang/ClassLoader;Ljava/lang/Class;)Ljava/lang/Class;+0
j  java.lang.Class.forName(Ljava/lang/String;ZLjava/lang/ClassLoader;)Ljava/lang/Class;+49
j  org.springframework.util.ClassUtils.forName(Ljava/lang/String;Ljava/lang/ClassLoader;)Ljava/lang/Class;+176
j  org.springframework.util.ClassUtils.isPresent(Ljava/lang/String;Ljava/lang/ClassLoader;)Z+2
j  org.springframework.boot.WebApplicationType.deduceFromClasspath()Lorg/springframework/boot/WebApplicationType;+51
j  org.springframework.boot.SpringApplication.<init>(Lorg/springframework/core/io/ResourceLoader;[Ljava/lang/Class;)V+90
j  org.springframework.boot.SpringApplication.<init>([Ljava/lang/Class;)V+3
j  org.springframework.boot.SpringApplication.run([Ljava/lang/Class;[Ljava/lang/String;)Lorg/springframework/context/ConfigurableApplicationContext;+5
j  org.springframework.boot.SpringApplication.run(Ljava/lang/Class;[Ljava/lang/String;)Lorg/springframework/context/ConfigurableApplicationContext;+9
j  com.jieming.coupon.DistributionApplication.main([Ljava/lang/String;)V+3
v  ~StubRoutines::call_stub

---------------  P R O C E S S  ---------------

Java Threads: ( => current thread )
  0x000000001c0ff000 JavaThread "RMI TCP Accept-0" daemon [_thread_in_native, id=16800, stack(0x000000001cad0000,0x000000001cbd0000)]
  0x000000001bee5800 JavaThread "Service Thread" daemon [_thread_blocked, id=19356, stack(0x000000001c6a0000,0x000000001c7a0000)]
  0x000000001bed2000 JavaThread "C1 CompilerThread2" daemon [_thread_in_native, id=11844, stack(0x000000001c5a0000,0x000000001c6a0000)]
  0x000000001be6a800 JavaThread "C2 CompilerThread1" daemon [_thread_blocked, id=29140, stack(0x000000001c4a0000,0x000000001c5a0000)]
  0x000000001be63000 JavaThread "C2 CompilerThread0" daemon [_thread_blocked, id=8984, stack(0x000000001c3a0000,0x000000001c4a0000)]
  0x000000001be1b800 JavaThread "Monitor Ctrl-Break" daemon [_thread_in_native, id=24732, stack(0x000000001c2a0000,0x000000001c3a0000)]
  0x0000000019fd9800 JavaThread "Attach Listener" daemon [_thread_blocked, id=404, stack(0x000000001b9a0000,0x000000001baa0000)]
  0x0000000019fec800 JavaThread "Signal Dispatcher" daemon [_thread_blocked, id=12140, stack(0x000000001b8a0000,0x000000001b9a0000)]
  0x0000000019fb1000 JavaThread "Finalizer" daemon [_thread_blocked, id=16548, stack(0x000000001b240000,0x000000001b340000)]
  0x0000000019f88800 JavaThread "Reference Handler" daemon [_thread_blocked, id=29684, stack(0x000000001b140000,0x000000001b240000)]
=>0x0000000005343000 JavaThread "main" [_thread_in_vm, id=15060, stack(0x0000000005240000,0x0000000005340000)]

Other Threads:
  0x0000000019f87800 VMThread [stack: 0x000000001b040000,0x000000001b140000] [id=16912]
  0x000000001c118000 WatcherThread [stack: 0x000000001cbd0000,0x000000001ccd0000] [id=12916]

VM state:not at safepoint (normal execution)

VM Mutex/Monitor currently owned by a thread: None

Heap:
 PSYoungGen      total 37888K, used 22756K [0x00000000d6600000, 0x00000000d9000000, 0x0000000100000000)
  eden space 32768K, 69% used [0x00000000d6600000,0x00000000d7c39158,0x00000000d8600000)
  from space 5120K, 0% used [0x00000000d8b00000,0x00000000d8b00000,0x00000000d9000000)
  to   space 5120K, 0% used [0x00000000d8600000,0x00000000d8600000,0x00000000d8b00000)
 ParOldGen       total 86016K, used 0K [0x0000000083200000, 0x0000000088600000, 0x00000000d6600000)
  object space 86016K, 0% used [0x0000000083200000,0x0000000083200000,0x0000000088600000)
 Metaspace       used 8999K, capacity 9210K, committed 9344K, reserved 1056768K
  class space    used 1078K, capacity 1129K, committed 1152K, reserved 1048576K

Card table byte_map: [0x0000000014930000,0x0000000014d20000] byte_map_base: 0x0000000014517000

Marking Bits: (ParMarkBitMap*) 0x000000006ce50860
 Begin Bits: [0x00000000153c0000, 0x00000000172f8000)
 End Bits:   [0x00000000172f8000, 0x0000000019230000)

Polling page: 0x0000000003570000

CodeCache: size=245760Kb used=2096Kb max_used=2096Kb free=243663Kb
 bounds [0x0000000005570000, 0x00000000057e0000, 0x0000000014570000]
 total_blobs=1025 nmethods=671 adapters=267
 compilation: enabled

Compilation events (10 events):
Event: 0.852 Thread 0x000000001bed2000 nmethod 667 0x000000000577a390 code [0x000000000577a4e0, 0x000000000577a628]
Event: 0.853 Thread 0x000000001bed2000  668       1       sun.misc.Launcher$AppClassLoader::loadClass (85 bytes)
Event: 0.854 Thread 0x000000001bed2000 nmethod 668 0x000000000577a690 code [0x000000000577a860, 0x000000000577ae08]
Event: 0.854 Thread 0x000000001bed2000  669  s    1       sun.misc.URLClassPath::knownToNotExist (24 bytes)
Event: 0.854 Thread 0x000000001bed2000 nmethod 669 0x000000000577b150 code [0x000000000577b2c0, 0x000000000577b5c8]
Event: 0.855 Thread 0x000000001bed2000  670       1       java.lang.String::<init> (100 bytes)
Event: 0.855 Thread 0x000000001bed2000 nmethod 670 0x000000000577b650 code [0x000000000577b7c0, 0x000000000577baa8]
Event: 0.855 Thread 0x000000001bed2000  671       1       sun.net.www.protocol.file.Handler::parseURL (18 bytes)
Event: 0.855 Thread 0x000000001bed2000 nmethod 671 0x000000000577bd10 code [0x000000000577be80, 0x000000000577c018]
Event: 0.855 Thread 0x000000001bed2000  672       1       java.net.URLStreamHandler::parseURL (1193 bytes)

GC Heap History (0 events):
No events

Deoptimization events (0 events):
No events

Classes redefined (0 events):
No events

Internal exceptions (10 events):
Event: 0.432 Thread 0x0000000005343000 Exception <a 'java/lang/ArrayIndexOutOfBoundsException'> (0x00000000d6ea23d8) thrown at [C:\re\workspace\8-2-build-windows-amd64-cygwin\jdk8u162\10278\hotspot\src\share\vm\runtime\sharedRuntime.cpp, line 605]
Event: 0.441 Thread 0x0000000005343000 Exception <a 'java/lang/ArrayIndexOutOfBoundsException'> (0x00000000d6ec2d20) thrown at [C:\re\workspace\8-2-build-windows-amd64-cygwin\jdk8u162\10278\hotspot\src\share\vm\runtime\sharedRuntime.cpp, line 605]
Event: 0.453 Thread 0x0000000005343000 Exception <a 'java/security/PrivilegedActionException'> (0x00000000d6f17880) thrown at [C:\re\workspace\8-2-build-windows-amd64-cygwin\jdk8u162\10278\hotspot\src\share\vm\prims\jvm.cpp, line 1390]
Event: 0.453 Thread 0x0000000005343000 Exception <a 'java/security/PrivilegedActionException'> (0x00000000d6f17a90) thrown at [C:\re\workspace\8-2-build-windows-amd64-cygwin\jdk8u162\10278\hotspot\src\share\vm\prims\jvm.cpp, line 1390]
Event: 0.454 Thread 0x0000000005343000 Exception <a 'java/security/PrivilegedActionException'> (0x00000000d6f1b9a0) thrown at [C:\re\workspace\8-2-build-windows-amd64-cygwin\jdk8u162\10278\hotspot\src\share\vm\prims\jvm.cpp, line 1390]
Event: 0.454 Thread 0x0000000005343000 Exception <a 'java/security/PrivilegedActionException'> (0x00000000d6f1bbb0) thrown at [C:\re\workspace\8-2-build-windows-amd64-cygwin\jdk8u162\10278\hotspot\src\share\vm\prims\jvm.cpp, line 1390]
Event: 0.500 Thread 0x0000000005343000 Exception <a 'java/lang/NoSuchFieldError': method resolution failed> (0x00000000d706c6a8) thrown at [C:\re\workspace\8-2-build-windows-amd64-cygwin\jdk8u162\10278\hotspot\src\share\vm\prims\methodHandles.cpp, line 1167]
Event: 0.502 Thread 0x0000000005343000 Exception <a 'java/lang/NoSuchFieldError': method resolution failed> (0x00000000d707a550) thrown at [C:\re\workspace\8-2-build-windows-amd64-cygwin\jdk8u162\10278\hotspot\src\share\vm\prims\methodHandles.cpp, line 1167]
Event: 0.722 Thread 0x0000000005343000 Exception <a 'java/lang/ClassNotFoundException': javax/management/remote/rmi/RMIServerImpl_Skel> (0x00000000d727eec0) thrown at [C:\re\workspace\8-2-build-windows-amd64-cygwin\jdk8u162\10278\hotspot\src\share\vm\classfile\systemDictionary.cpp, line 210]
Event: 0.793 Thread 0x0000000005343000 Exception <a 'java/io/FileNotFoundException'> (0x00000000d770ea08) thrown at [C:\re\workspace\8-2-build-windows-amd64-cygwin\jdk8u162\10278\hotspot\src\share\vm\prims\jni.cpp, line 709]

Events (10 events):
Event: 0.858 loading class org/springframework/beans/factory/HierarchicalBeanFactory
Event: 0.858 loading class org/springframework/beans/factory/HierarchicalBeanFactory done
Event: 0.858 loading class org/springframework/context/MessageSource
Event: 0.858 loading class org/springframework/context/MessageSource done
Event: 0.858 loading class org/springframework/context/ApplicationEventPublisher
Event: 0.858 loading class org/springframework/context/ApplicationEventPublisher done
Event: 0.859 loading class org/springframework/core/io/support/ResourcePatternResolver
Event: 0.859 loading class org/springframework/core/io/support/ResourcePatternResolver done
Event: 0.859 loading class org/springframework/core/io/ResourceLoader
Event: 0.859 loading class org/springframework/core/io/ResourceLoader done


Dynamic libraries:
0x00007ff6772d0000 - 0x00007ff677307000 	C:\Program Files\Java\jdk1.8.0_162\bin\java.exe
0x00007ffe34ac0000 - 0x00007ffe34ca0000 	C:\WINDOWS\SYSTEM32\ntdll.dll
0x00007ffe328d0000 - 0x00007ffe3297e000 	C:\WINDOWS\System32\KERNEL32.DLL
0x00007ffe318e0000 - 0x00007ffe31b46000 	C:\WINDOWS\System32\KERNELBASE.dll
0x00007ffe348e0000 - 0x00007ffe34981000 	C:\WINDOWS\System32\ADVAPI32.dll
0x00007ffe32830000 - 0x00007ffe328cd000 	C:\WINDOWS\System32\msvcrt.dll
0x00007ffe327d0000 - 0x00007ffe3282b000 	C:\WINDOWS\System32\sechost.dll
0x00007ffe34210000 - 0x00007ffe3432f000 	C:\WINDOWS\System32\RPCRT4.dll
0x00007ffe34440000 - 0x00007ffe345cf000 	C:\WINDOWS\System32\USER32.dll
0x00007ffe310c0000 - 0x00007ffe310e0000 	C:\WINDOWS\System32\win32u.dll
0x00007ffe34640000 - 0x00007ffe34668000 	C:\WINDOWS\System32\GDI32.dll
0x00007ffe31df0000 - 0x00007ffe31f83000 	C:\WINDOWS\System32\gdi32full.dll
0x00007ffe31020000 - 0x00007ffe310bb000 	C:\WINDOWS\System32\msvcp_win.dll
0x00007ffe30f20000 - 0x00007ffe31016000 	C:\WINDOWS\System32\ucrtbase.dll
0x00007ffe23ee0000 - 0x00007ffe24149000 	C:\WINDOWS\WinSxS\amd64_microsoft.windows.common-controls_6595b64144ccf1df_6.0.16299.248_none_15ced204935f55d7\COMCTL32.dll
0x00007ffe32010000 - 0x00007ffe32318000 	C:\WINDOWS\System32\combase.dll
0x00007ffe31d20000 - 0x00007ffe31d92000 	C:\WINDOWS\System32\bcryptPrimitives.dll
0x00007ffe34670000 - 0x00007ffe3469d000 	C:\WINDOWS\System32\IMM32.DLL
0x000000006ecb0000 - 0x000000006ed81000 	C:\Program Files\Java\jdk1.8.0_162\jre\bin\msvcr100.dll
0x000000006c630000 - 0x000000006ced0000 	C:\Program Files\Java\jdk1.8.0_162\jre\bin\server\jvm.dll
0x00007ffe34a80000 - 0x00007ffe34a88000 	C:\WINDOWS\System32\PSAPI.DLL
0x00007ffe1b9a0000 - 0x00007ffe1b9a9000 	C:\WINDOWS\SYSTEM32\WSOCK32.dll
0x00007ffe2efa0000 - 0x00007ffe2efc3000 	C:\WINDOWS\SYSTEM32\WINMM.dll
0x00007ffe2a4c0000 - 0x00007ffe2a4ca000 	C:\WINDOWS\SYSTEM32\VERSION.dll
0x00007ffe345d0000 - 0x00007ffe3463c000 	C:\WINDOWS\System32\WS2_32.dll
0x00007ffe2ef40000 - 0x00007ffe2ef6a000 	C:\WINDOWS\SYSTEM32\WINMMBASE.dll
0x00007ffe31da0000 - 0x00007ffe31dea000 	C:\WINDOWS\System32\cfgmgr32.dll
0x000000006eca0000 - 0x000000006ecaf000 	C:\Program Files\Java\jdk1.8.0_162\jre\bin\verify.dll
0x000000006ec70000 - 0x000000006ec99000 	C:\Program Files\Java\jdk1.8.0_162\jre\bin\java.dll
0x000000006eb10000 - 0x000000006eb33000 	C:\Program Files\Java\jdk1.8.0_162\jre\bin\instrument.dll
0x000000006ec50000 - 0x000000006ec66000 	C:\Program Files\Java\jdk1.8.0_162\jre\bin\zip.dll
0x00007ffe32dd0000 - 0x00007ffe34206000 	C:\WINDOWS\System32\SHELL32.dll
0x00007ffe32980000 - 0x00007ffe32a26000 	C:\WINDOWS\System32\shcore.dll
0x00007ffe310e0000 - 0x00007ffe31827000 	C:\WINDOWS\System32\windows.storage.dll
0x00007ffe32320000 - 0x00007ffe32371000 	C:\WINDOWS\System32\shlwapi.dll
0x00007ffe30e60000 - 0x00007ffe30e71000 	C:\WINDOWS\System32\kernel.appcore.dll
0x00007ffe30e10000 - 0x00007ffe30e5c000 	C:\WINDOWS\System32\powrprof.dll
0x00007ffe30e80000 - 0x00007ffe30e9b000 	C:\WINDOWS\System32\profapi.dll
0x00007ffe22880000 - 0x00007ffe2289a000 	C:\Program Files\JetBrains\IntelliJ IDEA 2019.1.2\bin\breakgen64.dll
0x000000006eaf0000 - 0x000000006eb0a000 	C:\Program Files\Java\jdk1.8.0_162\jre\bin\net.dll
0x00007ffe306a0000 - 0x00007ffe30706000 	C:\WINDOWS\system32\mswsock.dll
0x00007ffe1fd60000 - 0x00007ffe1fe6d000 	C:\WINDOWS\SysWOW64\ierd_tgp_lsp64.dll
0x00007ffe32c80000 - 0x00007ffe32dc9000 	C:\WINDOWS\System32\ole32.dll
0x00007ffe1fad0000 - 0x00007ffe1fada000 	C:\WINDOWS\system32\wshqos.dll
0x00007ffe1fac0000 - 0x00007ffe1fac8000 	C:\WINDOWS\SYSTEM32\wshtcpip.DLL
0x00007ffe1fab0000 - 0x00007ffe1fab8000 	C:\WINDOWS\SYSTEM32\wship6.dll
0x00007ffe30470000 - 0x00007ffe30526000 	C:\WINDOWS\SYSTEM32\DNSAPI.dll
0x00007ffe34a60000 - 0x00007ffe34a68000 	C:\WINDOWS\System32\NSI.dll
0x00007ffe30430000 - 0x00007ffe30469000 	C:\WINDOWS\SYSTEM32\IPHLPAPI.DLL
0x00007ffe2a580000 - 0x00007ffe2a58a000 	C:\Windows\System32\rasadhlp.dll
0x00007ffe2af60000 - 0x00007ffe2afd0000 	C:\WINDOWS\System32\fwpuclnt.dll
0x00007ffe30970000 - 0x00007ffe30995000 	C:\WINDOWS\SYSTEM32\bcrypt.dll
0x000000006eae0000 - 0x000000006eaed000 	C:\Program Files\Java\jdk1.8.0_162\jre\bin\management.dll
0x000000006eac0000 - 0x000000006ead1000 	C:\Program Files\Java\jdk1.8.0_162\jre\bin\nio.dll
0x00007ffe30860000 - 0x00007ffe30877000 	C:\WINDOWS\SYSTEM32\CRYPTSP.dll
0x00007ffe302b0000 - 0x00007ffe302e3000 	C:\WINDOWS\system32\rsaenh.dll
0x00007ffe30d40000 - 0x00007ffe30d69000 	C:\WINDOWS\SYSTEM32\USERENV.dll
0x00007ffe30880000 - 0x00007ffe3088b000 	C:\WINDOWS\SYSTEM32\CRYPTBASE.dll
0x00007ffe2bf30000 - 0x00007ffe2bf46000 	C:\WINDOWS\SYSTEM32\dhcpcsvc6.DLL
0x00007ffe2bef0000 - 0x00007ffe2bf0a000 	C:\WINDOWS\SYSTEM32\dhcpcsvc.DLL
0x00007ffe1b970000 - 0x00007ffe1b986000 	C:\WINDOWS\system32\napinsp.dll
0x00007ffe1b4f0000 - 0x00007ffe1b50a000 	C:\WINDOWS\system32\pnrpnsp.dll
0x00007ffe2ef80000 - 0x00007ffe2ef98000 	C:\WINDOWS\system32\NLAapi.dll
0x00007ffe1dba0000 - 0x00007ffe1dbae000 	C:\WINDOWS\System32\winrnr.dll
0x00007ffe1b2f0000 - 0x00007ffe1b305000 	C:\WINDOWS\System32\wshbth.dll

VM Arguments:
jvm_args: -XX:TieredStopAtLevel=1 -Xverify:none -Dspring.output.ansi.enabled=always -Dcom.sun.management.jmxremote -Dspring.jmx.enabled=true -Dspring.liveBeansView.mbeanDomain -Dspring.application.admin.enabled=true -javaagent:C:\Program Files\JetBrains\IntelliJ IDEA 2019.1.2\lib\idea_rt.jar=39463:C:\Program Files\JetBrains\IntelliJ IDEA 2019.1.2\bin -Dfile.encoding=UTF-8 
java_command: com.jieming.coupon.DistributionApplication
java_class_path (initial): C:\Program Files\Java\jdk1.8.0_162\jre\lib\charsets.jar;C:\Program Files\Java\jdk1.8.0_162\jre\lib\deploy.jar;C:\Program Files\Java\jdk1.8.0_162\jre\lib\ext\access-bridge-64.jar;C:\Program Files\Java\jdk1.8.0_162\jre\lib\ext\cldrdata.jar;C:\Program Files\Java\jdk1.8.0_162\jre\lib\ext\dnsns.jar;C:\Program Files\Java\jdk1.8.0_162\jre\lib\ext\jaccess.jar;C:\Program Files\Java\jdk1.8.0_162\jre\lib\ext\jfxrt.jar;C:\Program Files\Java\jdk1.8.0_162\jre\lib\ext\localedata.jar;C:\Program Files\Java\jdk1.8.0_162\jre\lib\ext\nashorn.jar;C:\Program Files\Java\jdk1.8.0_162\jre\lib\ext\sunec.jar;C:\Program Files\Java\jdk1.8.0_162\jre\lib\ext\sunjce_provider.jar;C:\Program Files\Java\jdk1.8.0_162\jre\lib\ext\sunmscapi.jar;C:\Program Files\Java\jdk1.8.0_162\jre\lib\ext\sunpkcs11.jar;C:\Program Files\Java\jdk1.8.0_162\jre\lib\ext\zipfs.jar;C:\Program Files\Java\jdk1.8.0_162\jre\lib\javaws.jar;C:\Program Files\Java\jdk1.8.0_162\jre\lib\jce.jar;C:\Program Files\Java\jdk1.8.0_162\jre\lib\jfr.jar;C:\Program Files\Java\jdk1.8.0_162\jre\lib\jfxswt.jar;C:\Program Files\Java\jdk1.8.0_162\jre\lib\jsse.jar;C:\Program Files\Java\jdk1.8.0_162\jre\lib\management-agent.jar;C:\Program Files\Java\jdk1.8.0_162\jre\lib\plugin.jar;C:\Program Files\Java\jdk1.8.0_162\jre\lib\resources.jar;C:\Program Files\Java\jdk1.8.0_162\jre\lib\rt.jar;D:\2020±œ“µ…Ëº∆\jieming-coupon\jieming-coupon-service\coupon-distribution\target\classes;D:\maven\resp\org\springframework\cloud\spring-cloud-starter-netflix-eureka-client\2.1.0.RELEASE\spring-cloud-starter-netflix-eureka-client-2.1.0.RELEASE.jar;D:\maven\resp\org\springframework\cloud\spring-cloud-starter\2.1.0.RELEASE\spring-cloud-starter-2.1.0.RELEASE.jar;D:\maven\resp\org\springframework\cloud\spring-cloud-context\2.1.0.RELEASE\spring-cloud-context-2.1.0.RELEASE.jar;D:\maven\resp\org\springframework\security\spring-security-rsa\1.0.7.RELEASE\spring-security-rsa-1.0.7.RELEASE.jar;D:\maven\resp\org\bouncycastle\bcpkix-jdk15on\1.60\bcpkix-j
Launcher Type: SUN_STANDARD

Environment Variables:
JAVA_HOME=C:\Program Files\Java\jdk1.8.0_162
CLASSPATH=.;C:\Program Files\Java\jdk1.8.0_162\lib\tools.jar;
PATH=C:\Python27\;C:\Python27\Scripts;D:\DocumentsXshell\;C:\Program Files\Java\jdk1.8.0_162\bin;D:\Android\sdk\platform-tools;D:\Android\sdk\tools;C:\ProgramData\Oracle\Java\javapath;C:\WINDOWS\system32;C:\WINDOWS;C:\WINDOWS\System32\Wbem;C:\WINDOWS\System32\WindowsPowerShell\v1.0\;D:\Android\sdk\tools;D:\Android\sdk\platform-tools;C:\Program Files (x86)\Microsoft SQL Server\100\Tools\Binn\;C:\Program Files\Microsoft SQL Server\100\Tools\Binn\;C:\Program Files\Microsoft SQL Server\100\DTS\Binn\;C:\Program Files (x86)\Microsoft SQL Server\100\Tools\Binn\VSShell\Common7\IDE\;C:\Program Files (x86)\Microsoft Visual Studio 9.0\Common7\IDE\PrivateAssemblies\;C:\Program Files (x86)\Microsoft SQL Server\100\DTS\Binn\;C:\Program Files\MySQL\MySQL Utilities 1.6\;D:\apache-maven-3.5.4\bin;C:\Program Files\Git\cmd;C:\Program Files (x86)\Common Files\Thunder Network\KanKan\Codecs;C:\Android;C:\Windows\System32;D:\cmder;D:\nodejs\;;D:\Microsoft VS Code\bin;C:\Users\JieMing\Anaconda3;C:\Users\JieMing\Anaconda3\Library\mingw-w64\bin;C:\Users\JieMing\Anaconda3\Library\usr\bin;C:\Users\JieMing\Anaconda3\Library\bin;C:\Users\JieMing\Anaconda3\Scripts;C:\Program Files\Java\jdk1.8.0_162\bin;C:\Program Files\Java\jdk1.8.0_162\jre\bin;D:\Microsoft VS Code\bin;D:\Fiddler;C:\Program Files\MySQL\MySQL Server 5.7\bin;D:\IntelliJ_IDEA2018\bin;;C:\Users\JieMing\AppData\Local\Pandoc\;C:\Users\JieMing\AppData\Roaming\npm;
USERNAME=JieMing
OS=Windows_NT
PROCESSOR_IDENTIFIER=Intel64 Family 6 Model 94 Stepping 3, GenuineIntel



---------------  S Y S T E M  ---------------

OS: Windows 10.0 , 64 bit Build 16299 (10.0.16299.15)

CPU:total 4 (initial active 4) (4 cores per cpu, 1 threads per core) family 6 model 94 stepping 3, cmov, cx8, fxsr, mmx, sse, sse2, sse3, ssse3, sse4.1, sse4.2, popcnt, avx, avx2, aes, clmul, erms, rtm, 3dnowpref, lzcnt, tsc, tscinvbit, bmi1, bmi2, adx

Memory: 4k page, physical 8178668k(1133100k free), swap 12644448k(1152k free)

vm_info: Java HotSpot(TM) 64-Bit Server VM (25.162-b12) for windows-amd64 JRE (1.8.0_162-b12), built on Dec 19 2017 20:00:03 by "java_re" with MS VC++ 10.0 (VS2010)

time: Tue Apr 28 20:53:42 2020
elapsed time: 0 seconds (0d 0h 0m 0s)

